<?xml version="1.0" encoding="UTF-8"?>
<testng-results skipped="0" failed="0" total="2" passed="2">
  <reporter-output>
  </reporter-output>
  <suite name="Default suite" duration-ms="68307" started-at="2020-07-25T05:19:35Z" finished-at="2020-07-25T05:20:43Z">
    <groups>
    </groups>
    <test name="Default test" duration-ms="68307" started-at="2020-07-25T05:19:35Z" finished-at="2020-07-25T05:20:43Z">
      <class name="com.qa.verizon.tests.HomePageTest">
        <test-method status="PASS" signature="setUp()[pri:0, instance:com.qa.verizon.tests.HomePageTest@2b98378d]" name="setUp" is-config="true" duration-ms="31220" started-at="2020-07-25T01:19:35Z" finished-at="2020-07-25T01:20:06Z">
          <reporter-output>
          </reporter-output>
        </test-method> <!-- setUp -->
        <test-method status="PASS" signature="verifyHomePageTitle()[pri:1, instance:com.qa.verizon.tests.HomePageTest@2b98378d]" name="verifyHomePageTitle" duration-ms="3120" started-at="2020-07-25T01:20:07Z" description="Verizon Wireless, Smartphone Deals &amp; Plans | First to 5G" finished-at="2020-07-25T01:20:10Z">
          <reporter-output>
          </reporter-output>
        </test-method> <!-- verifyHomePageTitle -->
        <test-method status="PASS" signature="hoverPhonesAndClick()[pri:2, instance:com.qa.verizon.tests.HomePageTest@2b98378d]" name="hoverPhonesAndClick" duration-ms="32470" started-at="2020-07-25T01:20:10Z" description="Hover over Smartphones and chooses the phone" finished-at="2020-07-25T01:20:42Z">
          <reporter-output>
          </reporter-output>
        </test-method> <!-- hoverPhonesAndClick -->
        <test-method status="PASS" signature="tearDown()[pri:0, instance:com.qa.verizon.tests.HomePageTest@2b98378d]" name="tearDown" is-config="true" duration-ms="1358" started-at="2020-07-25T01:20:42Z" finished-at="2020-07-25T01:20:43Z">
          <reporter-output>
          </reporter-output>
        </test-method> <!-- tearDown -->
      </class> <!-- com.qa.verizon.tests.HomePageTest -->
    </test> <!-- Default test -->
  </suite> <!-- Default suite -->
</testng-results>
